<?xml version="1.0" encoding="UTF-8"?>
<testng-results ignored="0" total="2" passed="2" failed="0" skipped="0">
  <reporter-output>
  </reporter-output>
  <suite started-at="2024-09-10T19:44:16 IST" name="Default suite" finished-at="2024-09-10T19:44:42 IST" duration-ms="26066">
    <groups>
    </groups>
    <test started-at="2024-09-10T19:44:16 IST" name="Default test" finished-at="2024-09-10T19:44:42 IST" duration-ms="26066">
      <class name="Germany.Germany.TestLayer">
        <test-method is-config="true" signature="setupExtentReport()[pri:0, instance:Germany.Germany.TestLayer@3de8f619]" started-at="2024-09-10T19:44:15 IST" name="setupExtentReport" finished-at="2024-09-10T19:44:16 IST" duration-ms="723" status="PASS">
          <reporter-output>
          </reporter-output>
        </test-method> <!-- setupExtentReport -->
        <test-method is-config="true" signature="setup()[pri:0, instance:Germany.Germany.TestLayer@3de8f619]" started-at="2024-09-10T19:44:16 IST" name="setup" finished-at="2024-09-10T19:44:31 IST" duration-ms="15323" status="PASS">
          <reporter-output>
          </reporter-output>
        </test-method> <!-- setup -->
        <test-method signature="testSuccessfulLogin()[pri:1, instance:Germany.Germany.TestLayer@3de8f619]" started-at="2024-09-10T19:44:31 IST" name="testSuccessfulLogin" finished-at="2024-09-10T19:44:34 IST" duration-ms="2535" status="PASS">
          <reporter-output>
          </reporter-output>
        </test-method> <!-- testSuccessfulLogin -->
        <test-method is-config="true" signature="tearDown()[pri:0, instance:Germany.Germany.TestLayer@3de8f619]" started-at="2024-09-10T19:44:34 IST" name="tearDown" finished-at="2024-09-10T19:44:34 IST" duration-ms="491" status="PASS">
          <reporter-output>
          </reporter-output>
        </test-method> <!-- tearDown -->
        <test-method is-config="true" signature="setup()[pri:0, instance:Germany.Germany.TestLayer@3de8f619]" started-at="2024-09-10T19:44:34 IST" name="setup" finished-at="2024-09-10T19:44:40 IST" duration-ms="5270" status="PASS">
          <reporter-output>
          </reporter-output>
        </test-method> <!-- setup -->
        <test-method signature="testUnsuccessfulLogin()[pri:2, instance:Germany.Germany.TestLayer@3de8f619]" started-at="2024-09-10T19:44:40 IST" name="testUnsuccessfulLogin" finished-at="2024-09-10T19:44:41 IST" duration-ms="1577" status="PASS">
          <reporter-output>
          </reporter-output>
        </test-method> <!-- testUnsuccessfulLogin -->
        <test-method is-config="true" signature="tearDown()[pri:0, instance:Germany.Germany.TestLayer@3de8f619]" started-at="2024-09-10T19:44:41 IST" name="tearDown" finished-at="2024-09-10T19:44:42 IST" duration-ms="722" status="PASS">
          <reporter-output>
          </reporter-output>
        </test-method> <!-- tearDown -->
        <test-method is-config="true" signature="tearDownExtentReport()[pri:0, instance:Germany.Germany.TestLayer@3de8f619]" started-at="2024-09-10T19:44:42 IST" name="tearDownExtentReport" finished-at="2024-09-10T19:44:43 IST" duration-ms="1030" status="PASS">
          <reporter-output>
          </reporter-output>
        </test-method> <!-- tearDownExtentReport -->
      </class> <!-- Germany.Germany.TestLayer -->
    </test> <!-- Default test -->
  </suite> <!-- Default suite -->
</testng-results>
